# JRE version: OpenJDK Runtime Environment Temurin-21.0.11+10 (21.0.11+10) (build 21.0.11+10-LTS)
# Java VM: OpenJDK 64-Bit Server VM Temurin-21.0.11+10 (21.0.11+10-LTS, mixed mode, sharing, tiered, compressed oops, compressed class ptrs, parallel gc, windows-amd64)
GC Precious Log:
 CardTable entry size: 512
 CPUs: 12 total, 12 available
 Memory: 7876M
 Large Page Support: Disabled
 NUMA Support: Disabled
 Compressed Oops: Enabled (32-bit)
 Alignments: Space 512K, Generation 512K, Heap 2M
 Heap Min Capacity: 100M
 Heap Initial Capacity: 100M
 Heap Max Capacity: 2G
 Pre-touch: Disabled
 Parallel Workers: 10
Heap:
 PSYoungGen      total 2560K, used 971K [0x00000000d5580000, 0x00000000d5a80000, 0x0000000100000000)
  eden space 2048K, 30% used [0x00000000d5580000,0x00000000d561ac30,0x00000000d5780000)
  from space 512K, 68% used [0x00000000d5a00000,0x00000000d5a58000,0x00000000d5a80000)
  to   space 512K, 0% used [0x00000000d5980000,0x00000000d5980000,0x00000000d5a00000)
 ParOldGen       total 641536K, used 641195K [0x0000000080000000, 0x00000000a7280000, 0x00000000d5580000)
  object space 641536K, 99% used [0x0000000080000000,0x00000000a722aec8,0x00000000a7280000)
 Metaspace       used 73119K, committed 74688K, reserved 1179648K
  class space    used 7623K, committed 8320K, reserved 1048576K
GC Heap History (20 events):
Event: 67.732 GC heap before
{Heap before GC invocations=958 (full 3):
 PSYoungGen      total 2560K, used 2540K [0x00000000d5580000, 0x00000000d5b00000, 0x0000000100000000)
  eden space 2048K, 100% used [0x00000000d5580000,0x00000000d5780000,0x00000000d5780000)
  from space 512K, 96% used [0x00000000d5a80000,0x00000000d5afb208,0x00000000d5b00000)
  to   space 1536K, 0% used [0x00000000d5800000,0x00000000d5800000,0x00000000d5980000)
 ParOldGen       total 633856K, used 633828K [0x0000000080000000, 0x00000000a6b00000, 0x00000000d5580000)
  object space 633856K, 99% used [0x0000000080000000,0x00000000a6af9050,0x00000000a6b00000)
 Metaspace       used 72522K, committed 74112K, reserved 1179648K
  class space    used 7552K, committed 8256K, reserved 1048576K
}
Event: 67.742 GC heap after
{Heap after GC invocations=958 (full 3):
 PSYoungGen      total 3584K, used 1535K [0x00000000d5580000, 0x00000000d5d80000, 0x0000000100000000)
  eden space 2048K, 0% used [0x00000000d5580000,0x00000000d5580000,0x00000000d5780000)
  from space 1536K, 99% used [0x00000000d5800000,0x00000000d597fc50,0x00000000d5980000)
  to   space 3072K, 0% used [0x00000000d5a80000,0x00000000d5a80000,0x00000000d5d80000)
 ParOldGen       total 634880K, used 634649K [0x0000000080000000, 0x00000000a6c00000, 0x00000000d5580000)
  object space 634880K, 99% used [0x0000000080000000,0x00000000a6bc65b0,0x00000000a6c00000)
 Metaspace       used 72522K, committed 74112K, reserved 1179648K
  class space    used 7552K, committed 8256K, reserved 1048576K
}
Event: 67.847 GC heap before
{Heap before GC invocations=959 (full 3):
 PSYoungGen      total 3584K, used 3583K [0x00000000d5580000, 0x00000000d5d80000, 0x0000000100000000)
  eden space 2048K, 99% used [0x00000000d5580000,0x00000000d577fff0,0x00000000d5780000)
  from space 1536K, 99% used [0x00000000d5800000,0x00000000d597fc50,0x00000000d5980000)
  to   space 3072K, 0% used [0x00000000d5a80000,0x00000000d5a80000,0x00000000d5d80000)
 ParOldGen       total 634880K, used 634649K [0x0000000080000000, 0x00000000a6c00000, 0x00000000d5580000)
  object space 634880K, 99% used [0x0000000080000000,0x00000000a6bc65b0,0x00000000a6c00000)
 Metaspace       used 72523K, committed 74112K, reserved 1179648K
  class space    used 7552K, committed 8256K, reserved 1048576K
}
Event: 67.851 GC heap after
{Heap after GC invocations=959 (full 3):
 PSYoungGen      total 4096K, used 1858K [0x00000000d5580000, 0x00000000d5c80000, 0x0000000100000000)
  eden space 2048K, 0% used [0x00000000d5580000,0x00000000d5580000,0x00000000d5780000)
  from space 2048K, 90% used [0x00000000d5a80000,0x00000000d5c50868,0x00000000d5c80000)
  to   space 2048K, 0% used [0x00000000d5880000,0x00000000d5880000,0x00000000d5a80000)
 ParOldGen       total 636416K, used 636151K [0x0000000080000000, 0x00000000a6d80000, 0x00000000d5580000)
  object space 636416K, 99% used [0x0000000080000000,0x00000000a6d3dfc8,0x00000000a6d80000)
 Metaspace       used 72523K, committed 74112K, reserved 1179648K
  class space    used 7552K, committed 8256K, reserved 1048576K
}
Event: 67.934 GC heap before
{Heap before GC invocations=960 (full 3):
 PSYoungGen      total 4096K, used 3906K [0x00000000d5580000, 0x00000000d5c80000, 0x0000000100000000)
  eden space 2048K, 100% used [0x00000000d5580000,0x00000000d5780000,0x00000000d5780000)
  from space 2048K, 90% used [0x00000000d5a80000,0x00000000d5c50868,0x00000000d5c80000)
  to   space 2048K, 0% used [0x00000000d5880000,0x00000000d5880000,0x00000000d5a80000)
 ParOldGen       total 636416K, used 636151K [0x0000000080000000, 0x00000000a6d80000, 0x00000000d5580000)
  object space 636416K, 99% used [0x0000000080000000,0x00000000a6d3dfc8,0x00000000a6d80000)
 Metaspace       used 72523K, committed 74112K, reserved 1179648K
  class space    used 7552K, committed 8256K, reserved 1048576K
}
Event: 67.939 GC heap after
{Heap after GC invocations=960 (full 3):
 PSYoungGen      total 4096K, used 1918K [0x00000000d5580000, 0x00000000d5b80000, 0x0000000100000000)
  eden space 2048K, 0% used [0x00000000d5580000,0x00000000d5580000,0x00000000d5780000)
  from space 2048K, 93% used [0x00000000d5880000,0x00000000d5a5f838,0x00000000d5a80000)
  to   space 1024K, 0% used [0x00000000d5a80000,0x00000000d5a80000,0x00000000d5b80000)
 ParOldGen       total 637952K, used 637891K [0x0000000080000000, 0x00000000a6f00000, 0x00000000d5580000)
  object space 637952K, 99% used [0x0000000080000000,0x00000000a6ef0e98,0x00000000a6f00000)
 Metaspace       used 72523K, committed 74112K, reserved 1179648K
  class space    used 7552K, committed 8256K, reserved 1048576K
}
Event: 68.021 GC heap before
{Heap before GC invocations=961 (full 3):
 PSYoungGen      total 4096K, used 3959K [0x00000000d5580000, 0x00000000d5b80000, 0x0000000100000000)
  eden space 2048K, 99% used [0x00000000d5580000,0x00000000d577e650,0x00000000d5780000)
  from space 2048K, 93% used [0x00000000d5880000,0x00000000d5a5f838,0x00000000d5a80000)
  to   space 1024K, 0% used [0x00000000d5a80000,0x00000000d5a80000,0x00000000d5b80000)
 ParOldGen       total 637952K, used 637891K [0x0000000080000000, 0x00000000a6f00000, 0x00000000d5580000)
  object space 637952K, 99% used [0x0000000080000000,0x00000000a6ef0e98,0x00000000a6f00000)
 Metaspace       used 72619K, committed 74176K, reserved 1179648K
  class space    used 7575K, committed 8256K, reserved 1048576K
}
Event: 68.024 GC heap after
{Heap after GC invocations=961 (full 3):
 PSYoungGen      total 3072K, used 986K [0x00000000d5580000, 0x00000000d5b80000, 0x0000000100000000)
  eden space 2048K, 0% used [0x00000000d5580000,0x00000000d5580000,0x00000000d5780000)
  from space 1024K, 96% used [0x00000000d5a80000,0x00000000d5b768c0,0x00000000d5b80000)
  to   space 1536K, 0% used [0x00000000d5880000,0x00000000d5880000,0x00000000d5a00000)
 ParOldGen       total 640000K, used 639652K [0x0000000080000000, 0x00000000a7100000, 0x00000000d5580000)
  object space 640000K, 99% used [0x0000000080000000,0x00000000a70a93f8,0x00000000a7100000)
 Metaspace       used 72619K, committed 74176K, reserved 1179648K
  class space    used 7575K, committed 8256K, reserved 1048576K
}
Event: 68.038 GC heap before
{Heap before GC invocations=962 (full 3):
 PSYoungGen      total 3072K, used 3034K [0x00000000d5580000, 0x00000000d5b80000, 0x0000000100000000)
  eden space 2048K, 100% used [0x00000000d5580000,0x00000000d5780000,0x00000000d5780000)
  from space 1024K, 96% used [0x00000000d5a80000,0x00000000d5b768c0,0x00000000d5b80000)
  to   space 1536K, 0% used [0x00000000d5880000,0x00000000d5880000,0x00000000d5a00000)
 ParOldGen       total 640000K, used 639652K [0x0000000080000000, 0x00000000a7100000, 0x00000000d5580000)
  object space 640000K, 99% used [0x0000000080000000,0x00000000a70a93f8,0x00000000a7100000)
 Metaspace       used 72619K, committed 74176K, reserved 1179648K
  class space    used 7575K, committed 8256K, reserved 1048576K
}
Event: 68.042 GC heap after
{Heap after GC invocations=962 (full 3):
 PSYoungGen      total 3584K, used 320K [0x00000000d5580000, 0x00000000d5b00000, 0x0000000100000000)
  eden space 2048K, 0% used [0x00000000d5580000,0x00000000d5580000,0x00000000d5780000)
  from space 1536K, 20% used [0x00000000d5880000,0x00000000d58d0000,0x00000000d5a00000)
  to   space 1024K, 0% used [0x00000000d5a00000,0x00000000d5a00000,0x00000000d5b00000)
 ParOldGen       total 640512K, used 640507K [0x0000000080000000, 0x00000000a7180000, 0x00000000d5580000)
  object space 640512K, 99% used [0x0000000080000000,0x00000000a717eec8,0x00000000a7180000)
 Metaspace       used 72619K, committed 74176K, reserved 1179648K
  class space    used 7575K, committed 8256K, reserved 1048576K
}
Event: 68.100 GC heap before
{Heap before GC invocations=963 (full 3):
 PSYoungGen      total 3584K, used 2368K [0x00000000d5580000, 0x00000000d5b00000, 0x0000000100000000)
  eden space 2048K, 100% used [0x00000000d5580000,0x00000000d5780000,0x00000000d5780000)
  from space 1536K, 20% used [0x00000000d5880000,0x00000000d58d0000,0x00000000d5a00000)
  to   space 1024K, 0% used [0x00000000d5a00000,0x00000000d5a00000,0x00000000d5b00000)
 ParOldGen       total 640512K, used 640507K [0x0000000080000000, 0x00000000a7180000, 0x00000000d5580000)
  object space 640512K, 99% used [0x0000000080000000,0x00000000a717eec8,0x00000000a7180000)
 Metaspace       used 72635K, committed 74176K, reserved 1179648K
  class space    used 7576K, committed 8256K, reserved 1048576K
}
Event: 68.103 GC heap after
{Heap after GC invocations=963 (full 3):
 PSYoungGen      total 3072K, used 576K [0x00000000d5580000, 0x00000000d5b00000, 0x0000000100000000)
  eden space 2048K, 0% used [0x00000000d5580000,0x00000000d5580000,0x00000000d5780000)
  from space 1024K, 56% used [0x00000000d5a00000,0x00000000d5a90000,0x00000000d5b00000)
  to   space 1024K, 0% used [0x00000000d5900000,0x00000000d5900000,0x00000000d5a00000)
 ParOldGen       total 641024K, used 640555K [0x0000000080000000, 0x00000000a7200000, 0x00000000d5580000)
  object space 641024K, 99% used [0x0000000080000000,0x00000000a718aec8,0x00000000a7200000)
 Metaspace       used 72635K, committed 74176K, reserved 1179648K
  class space    used 7576K, committed 8256K, reserved 1048576K
}
Event: 70.329 GC heap before
{Heap before GC invocations=964 (full 3):
 PSYoungGen      total 3072K, used 2624K [0x00000000d5580000, 0x00000000d5b00000, 0x0000000100000000)
  eden space 2048K, 100% used [0x00000000d5580000,0x00000000d5780000,0x00000000d5780000)
  from space 1024K, 56% used [0x00000000d5a00000,0x00000000d5a90000,0x00000000d5b00000)
  to   space 1024K, 0% used [0x00000000d5900000,0x00000000d5900000,0x00000000d5a00000)
 ParOldGen       total 641024K, used 640555K [0x0000000080000000, 0x00000000a7200000, 0x00000000d5580000)
  object space 641024K, 99% used [0x0000000080000000,0x00000000a718aec8,0x00000000a7200000)
 Metaspace       used 72760K, committed 74304K, reserved 1179648K
  class space    used 7589K, committed 8256K, reserved 1048576K
}
Event: 70.332 GC heap after
{Heap after GC invocations=964 (full 3):
 PSYoungGen      total 3072K, used 320K [0x00000000d5580000, 0x00000000d5a80000, 0x0000000100000000)
  eden space 2048K, 0% used [0x00000000d5580000,0x00000000d5580000,0x00000000d5780000)
  from space 1024K, 31% used [0x00000000d5900000,0x00000000d5950000,0x00000000d5a00000)
  to   space 512K, 0% used [0x00000000d5a00000,0x00000000d5a00000,0x00000000d5a80000)
 ParOldGen       total 641024K, used 640939K [0x0000000080000000, 0x00000000a7200000, 0x00000000d5580000)
  object space 641024K, 99% used [0x0000000080000000,0x00000000a71eaec8,0x00000000a7200000)
 Metaspace       used 72760K, committed 74304K, reserved 1179648K
  class space    used 7589K, committed 8256K, reserved 1048576K
}
Event: 70.465 GC heap before
{Heap before GC invocations=965 (full 3):
 PSYoungGen      total 3072K, used 2368K [0x00000000d5580000, 0x00000000d5a80000, 0x0000000100000000)
  eden space 2048K, 100% used [0x00000000d5580000,0x00000000d5780000,0x00000000d5780000)
  from space 1024K, 31% used [0x00000000d5900000,0x00000000d5950000,0x00000000d5a00000)
  to   space 512K, 0% used [0x00000000d5a00000,0x00000000d5a00000,0x00000000d5a80000)
 ParOldGen       total 641024K, used 640939K [0x0000000080000000, 0x00000000a7200000, 0x00000000d5580000)
  object space 641024K, 99% used [0x0000000080000000,0x00000000a71eaec8,0x00000000a7200000)
 Metaspace       used 72782K, committed 74304K, reserved 1179648K
  class space    used 7590K, committed 8256K, reserved 1048576K
}
Event: 70.467 GC heap after
{Heap after GC invocations=965 (full 3):
 PSYoungGen      total 2560K, used 288K [0x00000000d5580000, 0x00000000d5a80000, 0x0000000100000000)
  eden space 2048K, 0% used [0x00000000d5580000,0x00000000d5580000,0x00000000d5780000)
  from space 512K, 56% used [0x00000000d5a00000,0x00000000d5a48000,0x00000000d5a80000)
  to   space 512K, 0% used [0x00000000d5980000,0x00000000d5980000,0x00000000d5a00000)
 ParOldGen       total 641536K, used 641083K [0x0000000080000000, 0x00000000a7280000, 0x00000000d5580000)
  object space 641536K, 99% used [0x0000000080000000,0x00000000a720eec8,0x00000000a7280000)
 Metaspace       used 72782K, committed 74304K, reserved 1179648K
  class space    used 7590K, committed 8256K, reserved 1048576K
}
Event: 166.990 GC heap before
{Heap before GC invocations=966 (full 3):
 PSYoungGen      total 2560K, used 2335K [0x00000000d5580000, 0x00000000d5a80000, 0x0000000100000000)
  eden space 2048K, 99% used [0x00000000d5580000,0x00000000d577fff8,0x00000000d5780000)
  from space 512K, 56% used [0x00000000d5a00000,0x00000000d5a48000,0x00000000d5a80000)
  to   space 512K, 0% used [0x00000000d5980000,0x00000000d5980000,0x00000000d5a00000)
 ParOldGen       total 641536K, used 641083K [0x0000000080000000, 0x00000000a7280000, 0x00000000d5580000)
  object space 641536K, 99% used [0x0000000080000000,0x00000000a720eec8,0x00000000a7280000)
 Metaspace       used 72824K, committed 74368K, reserved 1179648K
  class space    used 7594K, committed 8256K, reserved 1048576K
}
Event: 166.997 GC heap after
{Heap after GC invocations=966 (full 3):
 PSYoungGen      total 2560K, used 256K [0x00000000d5580000, 0x00000000d5a80000, 0x0000000100000000)
  eden space 2048K, 0% used [0x00000000d5580000,0x00000000d5580000,0x00000000d5780000)
  from space 512K, 50% used [0x00000000d5980000,0x00000000d59c0000,0x00000000d5a00000)
  to   space 512K, 0% used [0x00000000d5a00000,0x00000000d5a00000,0x00000000d5a80000)
 ParOldGen       total 641536K, used 641123K [0x0000000080000000, 0x00000000a7280000, 0x00000000d5580000)
  object space 641536K, 99% used [0x0000000080000000,0x00000000a7218ec8,0x00000000a7280000)
 Metaspace       used 72824K, committed 74368K, reserved 1179648K
  class space    used 7594K, committed 8256K, reserved 1048576K
}
Event: 313.547 GC heap before
{Heap before GC invocations=967 (full 3):
 PSYoungGen      total 2560K, used 2303K [0x00000000d5580000, 0x00000000d5a80000, 0x0000000100000000)
  eden space 2048K, 99% used [0x00000000d5580000,0x00000000d577fff0,0x00000000d5780000)
  from space 512K, 50% used [0x00000000d5980000,0x00000000d59c0000,0x00000000d5a00000)
  to   space 512K, 0% used [0x00000000d5a00000,0x00000000d5a00000,0x00000000d5a80000)
 ParOldGen       total 641536K, used 641123K [0x0000000080000000, 0x00000000a7280000, 0x00000000d5580000)
  object space 641536K, 99% used [0x0000000080000000,0x00000000a7218ec8,0x00000000a7280000)
 Metaspace       used 73075K, committed 74624K, reserved 1179648K
  class space    used 7617K, committed 8320K, reserved 1048576K
}
Event: 313.609 GC heap after
{Heap after GC invocations=967 (full 3):
 PSYoungGen      total 2560K, used 352K [0x00000000d5580000, 0x00000000d5a80000, 0x0000000100000000)
  eden space 2048K, 0% used [0x00000000d5580000,0x00000000d5580000,0x00000000d5780000)
  from space 512K, 68% used [0x00000000d5a00000,0x00000000d5a58000,0x00000000d5a80000)
  to   space 512K, 0% used [0x00000000d5980000,0x00000000d5980000,0x00000000d5a00000)
 ParOldGen       total 641536K, used 641195K [0x0000000080000000, 0x00000000a7280000, 0x00000000d5580000)
  object space 641536K, 99% used [0x0000000080000000,0x00000000a722aec8,0x00000000a7280000)
 Metaspace       used 73075K, committed 74624K, reserved 1179648K
  class space    used 7617K, committed 8320K, reserved 1048576K
}

